<?xml version="1.0" encoding="UTF-8"?>
<testsuite name="com.example.jpademo.RelationshipMappingTest" tests="5" skipped="0" failures="0" errors="0" timestamp="2026-08-14T12:46:17.662Z" hostname="DEOXYTOANE" time="1.643">
  <properties/>
  <testcase name="oneToOne_cascadesProfileAndMaintainsBothSides()" classname="com.example.jpademo.RelationshipMappingTest" time="1.342"/>
  <testcase name="oneToMany_cascadesNewCoursesAndSetsTheirManyToOneForeignKey()" classname="com.example.jpademo.RelationshipMappingTest" time="0.051"/>
  <testcase name="manyToOne_isOwnedByCourseAndStoresTheDepartmentForeignKey()" classname="com.example.jpademo.RelationshipMappingTest" time="0.106"/>
  <testcase name="manyToMany_createsEnrollmentThroughOwningStudentSide()" classname="com.example.jpademo.RelationshipMappingTest" time="0.066"/>
  <testcase name="orphanRemoval_deletesCourseWhenRemovedFromDepartmentCollection()" classname="com.example.jpademo.RelationshipMappingTest" time="0.055"/>
  <system-out><![CDATA[18:16:10.589 [Test worker] INFO org.springframework.test.context.support.AnnotationConfigContextLoaderUtils -- Could not detect default configuration classes for test class [com.example.jpademo.RelationshipMappingTest]: RelationshipMappingTest does not declare any static, non-private, non-final, nested classes annotated with @Configuration.
18:16:10.869 [Test worker] INFO org.springframework.boot.test.context.SpringBootTestContextBootstrapper -- Found @SpringBootConfiguration com.example.jpademo.JpaRelationshipsApplication for test class com.example.jpademo.RelationshipMappingTest
18:16:10.878 [Test worker] INFO org.springframework.test.context.support.AnnotationConfigContextLoaderUtils -- Could not detect default configuration classes for test class [com.example.jpademo.RelationshipMappingTest]: RelationshipMappingTest does not declare any static, non-private, non-final, nested classes annotated with @Configuration.
18:16:10.979 [Test worker] INFO org.springframework.boot.test.context.SpringBootTestContextBootstrapper -- Found @SpringBootConfiguration com.example.jpademo.JpaRelationshipsApplication for test class com.example.jpademo.RelationshipMappingTest

  .   ____          _            __ _ _
 /\\ / ___'_ __ _ _(_)_ __  __ _ \ \ \ \
( ( )\___ | '_ | '_| | '_ \/ _` | \ \ \ \
 \\/  ___)| |_)| | | | | || (_| |  ) ) ) )
  '  |____| .__|_| |_|_| |_\__, | / / / /
 =========|_|==============|___/=/_/_/_/

 :: Spring Boot ::                (v4.1.0)

2026-08-14T18:16:11.796+05:30  INFO 17560 --- [    Test worker] c.e.jpademo.RelationshipMappingTest      : Starting RelationshipMappingTest using Java 21.0.7 with PID 17560 (started by Deepak in C:\Users\Deepak\Code\SpringDataJpaRelationshipDemo\SpringDataSimpleRelationshipAnnotationDemo)
2026-08-14T18:16:11.798+05:30  INFO 17560 --- [    Test worker] c.e.jpademo.RelationshipMappingTest      : No active profile set, falling back to 1 default profile: "default"
2026-08-14T18:16:12.292+05:30  INFO 17560 --- [    Test worker] .s.d.r.c.RepositoryConfigurationDelegate : Bootstrapping Spring Data JPA repositories in DEFAULT mode.
2026-08-14T18:16:12.370+05:30  INFO 17560 --- [    Test worker] .s.d.r.c.RepositoryConfigurationDelegate : Finished Spring Data repository scanning in 64 ms. Found 3 JPA repository interfaces.
2026-08-14T18:16:12.521+05:30  INFO 17560 --- [    Test worker] beddedDataSourceBeanFactoryPostProcessor : Replacing 'dataSource' DataSource bean with embedded version
2026-08-14T18:16:12.717+05:30  INFO 17560 --- [    Test worker] o.s.j.d.e.EmbeddedDatabaseFactory        : Starting embedded database: url='jdbc:h2:mem:e8beea27-1ca0-4b6b-be89-4826cd596776;DB_CLOSE_DELAY=-1;DB_CLOSE_ON_EXIT=false', username='sa'
2026-08-14T18:16:13.288+05:30  INFO 17560 --- [    Test worker] org.hibernate.orm.jpa                    : HHH008540: Processing PersistenceUnitInfo [name: default]
2026-08-14T18:16:13.385+05:30  INFO 17560 --- [    Test worker] org.hibernate.orm.core                   : HHH000001: Hibernate ORM core version 7.4.1.Final
2026-08-14T18:16:14.266+05:30  INFO 17560 --- [    Test worker] o.s.o.j.p.SpringPersistenceUnitInfo      : No LoadTimeWeaver setup: ignoring JPA class transformer
2026-08-14T18:16:14.455+05:30  INFO 17560 --- [    Test worker] org.hibernate.orm.connections.pooling    : HHH10001005: Database info:
	Database JDBC URL [jdbc:h2:mem:e8beea27-1ca0-4b6b-be89-4826cd596776]
	Database driver: H2 JDBC Driver
	Database dialect: H2Dialect
	Database version: 2.4.240
	Default catalog/schema: E8BEEA27-1CA0-4B6B-BE89-4826CD596776/PUBLIC
	Autocommit mode: undefined/unknown
	Isolation level: READ_COMMITTED [default READ_COMMITTED]
	JDBC fetch size: 100
	Pool: DataSourceConnectionProvider
	Minimum pool size: undefined/unknown
	Maximum pool size: undefined/unknown
2026-08-14T18:16:16.751+05:30  INFO 17560 --- [    Test worker] org.hibernate.orm.core                   : HHH000489: No JTA platform available (set 'hibernate.transaction.jta.platform' to enable JTA platform integration)
Hibernate: 
    drop table if exists courses cascade 
Hibernate: 
    drop table if exists departments cascade 
Hibernate: 
    drop table if exists student_course_enrollments cascade 
Hibernate: 
    drop table if exists student_profiles cascade 
Hibernate: 
    drop table if exists students cascade 
Hibernate: 
    create table courses (
        department_id bigint not null,
        id bigint generated by default as identity,
        title varchar(255),
        primary key (id)
    )
Hibernate: 
    create table departments (
        id bigint generated by default as identity,
        name varchar(255),
        primary key (id)
    )
Hibernate: 
    create table student_course_enrollments (
        course_id bigint not null,
        student_id bigint not null,
        primary key (course_id, student_id)
    )
Hibernate: 
    create table student_profiles (
        id bigint generated by default as identity,
        phone_number varchar(255),
        primary key (id)
    )
Hibernate: 
    create table students (
        id bigint generated by default as identity,
        profile_id bigint unique,
        name varchar(255) not null,
        primary key (id)
    )
Hibernate: 
    alter table if exists courses 
       add constraint FKsv2mdywju86wq12x4did4xd78 
       foreign key (department_id) 
       references departments
Hibernate: 
    alter table if exists student_course_enrollments 
       add constraint FK2ir93ssv9i26pms0i0ohpi5gl 
       foreign key (course_id) 
       references courses
Hibernate: 
    alter table if exists student_course_enrollments 
       add constraint FKetv96qjx3cj1lid5c3w9rfjqv 
       foreign key (student_id) 
       references students
Hibernate: 
    alter table if exists students 
       add constraint FK8oe47r5njjw94k0hvhmmf7kkp 
       foreign key (profile_id) 
       references student_profiles
2026-08-14T18:16:16.953+05:30  INFO 17560 --- [    Test worker] j.LocalContainerEntityManagerFactoryBean : Initialized JPA EntityManagerFactory for persistence unit 'default'
2026-08-14T18:16:17.229+05:30  INFO 17560 --- [    Test worker] o.s.d.j.r.query.QueryEnhancerFactories   : Hibernate is in classpath; If applicable, HQL parser will be used.
2026-08-14T18:16:17.634+05:30  INFO 17560 --- [    Test worker] c.e.jpademo.RelationshipMappingTest      : Started RelationshipMappingTest in 6.471 seconds (process running for 9.405)
Hibernate: 
    insert 
    into
        student_profiles
        (phone_number, id) 
    values
        (?, default)
Hibernate: 
    insert 
    into
        students
        (name, profile_id, id) 
    values
        (?, ?, default)
Hibernate: 
    insert 
    into
        departments
        (name, id) 
    values
        (?, default)
Hibernate: 
    insert 
    into
        courses
        (department_id, title, id) 
    values
        (?, ?, default)
Hibernate: 
    insert 
    into
        courses
        (department_id, title, id) 
    values
        (?, ?, default)
Hibernate: 
    insert 
    into
        departments
        (name, id) 
    values
        (?, default)
Hibernate: 
    insert 
    into
        courses
        (department_id, title, id) 
    values
        (?, ?, default)
Hibernate: 
    select
        c1_0.id,
        c1_0.department_id,
        c1_0.title 
    from
        courses c1_0 
    where
        c1_0.id=?
Hibernate: 
    insert 
    into
        departments
        (name, id) 
    values
        (?, default)
Hibernate: 
    insert 
    into
        courses
        (department_id, title, id) 
    values
        (?, ?, default)
Hibernate: 
    insert 
    into
        students
        (name, profile_id, id) 
    values
        (?, ?, default)
Hibernate: 
    insert 
    into
        student_course_enrollments
        (student_id, course_id) 
    values
        (?, ?)
Hibernate: 
    insert 
    into
        students
        (name, profile_id, id) 
    values
        (?, ?, default)
Hibernate: 
    insert 
    into
        student_course_enrollments
        (student_id, course_id) 
    values
        (?, ?)
Hibernate: 
    select
        c1_0.id,
        c1_0.department_id,
        c1_0.title 
    from
        courses c1_0 
    where
        c1_0.id=?
Hibernate: 
    select
        s1_0.course_id,
        s1_1.id,
        s1_1.name,
        s1_1.profile_id 
    from
        student_course_enrollments s1_0 
    join
        students s1_1 
            on s1_1.id=s1_0.student_id 
    where
        s1_0.course_id=?
Hibernate: 
    insert 
    into
        departments
        (name, id) 
    values
        (?, default)
Hibernate: 
    insert 
    into
        courses
        (department_id, title, id) 
    values
        (?, ?, default)
Hibernate: 
    delete 
    from
        courses 
    where
        id=?
Hibernate: 
    select
        c1_0.id,
        c1_0.department_id,
        c1_0.title 
    from
        courses c1_0 
    where
        c1_0.id=?
]]></system-out>
  <system-err><![CDATA[Mockito is currently self-attaching to enable the inline-mock-maker. This will no longer work in future releases of the JDK. Please add Mockito as an agent to your build as described in Mockito's documentation: https://javadoc.io/doc/org.mockito/mockito-core/latest/org.mockito/org/mockito/Mockito.html#0.3
WARNING: A Java agent has been loaded dynamically (C:\Users\Deepak\.gradle\caches\modules-2\files-2.1\net.bytebuddy\byte-buddy-agent\1.18.10\9426d28828bdcdf42666bb7a68c468279ea78f59\byte-buddy-agent-1.18.10.jar)
WARNING: If a serviceability tool is in use, please run with -XX:+EnableDynamicAgentLoading to hide this warning
WARNING: If a serviceability tool is not in use, please run with -Djdk.instrument.traceUsage for more information
WARNING: Dynamic loading of agents will be disallowed by default in a future release
]]></system-err>
</testsuite>
